<?xml version="1.0" encoding="UTF-8"?>
<!-- Generated by org.testng.reporters.JUnitXMLReporter -->
<testsuite ignored="0" hostname="BWS-TINA-LAP" failures="0" tests="11" name="Test" time="272.646" errors="0" timestamp="2022-08-15T17:51:54 BST">
  <testcase classname="scripts.TC007" name="MakeMultipleBookings" time="38.957"/>
  <testcase classname="scripts.TC011" name="deleteAllMultipleBookings" time="20.501"/>
  <testcase classname="scripts.TC006" name="BookingPrevention" time="21.301"/>
  <testcase classname="scripts.TC015" name="bookingPreventionReport" time="9.29"/>
  <testcase classname="scripts.TC016" name="updateBookingPrevention" time="20.063"/>
  <testcase classname="scripts.TC017" name="deletePreventionBookings" time="11.692"/>
  <testcase classname="scripts.TC020" name="createAClinicType" time="5.624"/>
  <testcase classname="scripts.TC019" name="deleteAClinicType" time="5.518"/>
  <testcase classname="scripts.TC021" name="createAreasonForCancellation" time="15.023"/>
  <testcase classname="scripts.TC022" name="EditAReasonForCancellation" time="12.287"/>
  <testcase classname="scripts.TC023" name="deleteAReasonForCancellation" time="4.562"/>
</testsuite> <!-- Test -->
